<?xml version="1.0" encoding="UTF-8"?>
<!-- Generated by org.testng.reporters.JUnitReportReporter -->
<testsuite hostname="DESKTOP-3EF5K2Q" failures="0" tests="3" name="seleniumGrid.crossbrowser" time="120.771" errors="0" timestamp="2024-04-06T17:22:03 IST" skipped="0">
  <testcase classname="seleniumGrid.crossbrowser" name="crossGrid" time="45.149"/>
  <system-out>
    <![CDATA[
Driver session Eststablished with server!
Test execution for amazon.in!
Test execution for amazon.in on Chrome completed!]]>
  </system-out>
  <testcase classname="seleniumGrid.crossbrowser" name="crossGrid" time="42.073"/>
  <system-out>
    <![CDATA[
Driver session Eststablished with server!
Test execution for amazon.in!
Test execution for amazon.in on Chrome completed!]]>
  </system-out>
  <testcase classname="seleniumGrid.crossbrowser" name="crossGrid" time="33.549"/>
  <system-out>
    <![CDATA[
Driver session Eststablished with server!
Test execution for amazon.in!
Test execution for amazon.in on Chrome completed!]]>
  </system-out>
</testsuite> <!-- seleniumGrid.crossbrowser -->
