<?xml version="1.0" encoding="UTF-8"?>
<!-- Generated by org.testng.reporters.JUnitReportReporter -->
<testsuite hostname="DESKTOP-3EF5K2Q" failures="0" tests="3" name="com.crm.TestCases.HomePagesTest" time="1.074" errors="0" timestamp="2024-04-01T15:26:37 IST" skipped="0">
  <testcase classname="com.crm.TestCases.HomePagesTest" name="verifyAppUrl" time="0.025"/>
  <system-out/>
  <testcase classname="com.crm.TestCases.HomePagesTest" name="verifyTitle" time="0.017"/>
  <system-out/>
  <testcase classname="com.crm.TestCases.HomePagesTest" name="verifySignIn" time="1.032"/>
  <system-out/>
</testsuite> <!-- com.crm.TestCases.HomePagesTest -->
